<?xml version="1.0" encoding="UTF-8"?>
<testsuite name="PersonaTest" tests="1" skipped="0" failures="0" errors="0" timestamp="2019-08-12T20:33:38" hostname="AR0FVFYM0XUHV2J" time="0.044">
  <properties/>
  <testcase name="crearPersona" classname="PersonaTest" time="0.044"/>
  <system-out><![CDATA[]]></system-out>
  <system-err><![CDATA[]]></system-err>
</testsuite>
